Determining if the pthread_create exist failed with the following output:
Change Dir: /content/drive/MyDrive/ICIS_Paper/darknet/build_release/CMakeFiles/CMakeTmp

Run Build Command:"/usr/bin/make" "cmTC_c965d/fast"
/usr/bin/make -f CMakeFiles/cmTC_c965d.dir/build.make CMakeFiles/cmTC_c965d.dir/build
make[1]: Entering directory '/content/drive/MyDrive/ICIS_Paper/darknet/build_release/CMakeFiles/CMakeTmp'
Building C object CMakeFiles/cmTC_c965d.dir/CheckSymbolExists.c.o
/usr/bin/cc   -fPIC    -o CMakeFiles/cmTC_c965d.dir/CheckSymbolExists.c.o   -c /content/drive/MyDrive/ICIS_Paper/darknet/build_release/CMakeFiles/CMakeTmp/CheckSymbolExists.c
Linking C executable cmTC_c965d
/usr/local/lib/python2.7/dist-packages/cmake/data/bin/cmake -E cmake_link_script CMakeFiles/cmTC_c965d.dir/link.txt --verbose=1
/usr/bin/cc -fPIC     CMakeFiles/cmTC_c965d.dir/CheckSymbolExists.c.o  -o cmTC_c965d 
CMakeFiles/cmTC_c965d.dir/CheckSymbolExists.c.o: In function `main':
CheckSymbolExists.c:(.text+0x1b): undefined reference to `pthread_create'
collect2: error: ld returned 1 exit status
CMakeFiles/cmTC_c965d.dir/build.make:86: recipe for target 'cmTC_c965d' failed
make[1]: *** [cmTC_c965d] Error 1
make[1]: Leaving directory '/content/drive/MyDrive/ICIS_Paper/darknet/build_release/CMakeFiles/CMakeTmp'
Makefile:121: recipe for target 'cmTC_c965d/fast' failed
make: *** [cmTC_c965d/fast] Error 2

File /content/drive/MyDrive/ICIS_Paper/darknet/build_release/CMakeFiles/CMakeTmp/CheckSymbolExists.c:
/* */
#include <pthread.h>

int main(int argc, char** argv)
{
  (void)argv;
#ifndef pthread_create
  return ((int*)(&pthread_create))[argc];
#else
  (void)argc;
  return 0;
#endif
}

Determining if the function pthread_create exists in the pthreads failed with the following output:
Change Dir: /content/drive/MyDrive/ICIS_Paper/darknet/build_release/CMakeFiles/CMakeTmp

Run Build Command:"/usr/bin/make" "cmTC_d4aa8/fast"
/usr/bin/make -f CMakeFiles/cmTC_d4aa8.dir/build.make CMakeFiles/cmTC_d4aa8.dir/build
make[1]: Entering directory '/content/drive/MyDrive/ICIS_Paper/darknet/build_release/CMakeFiles/CMakeTmp'
Building C object CMakeFiles/cmTC_d4aa8.dir/CheckFunctionExists.c.o
/usr/bin/cc   -fPIC -DCHECK_FUNCTION_EXISTS=pthread_create   -o CMakeFiles/cmTC_d4aa8.dir/CheckFunctionExists.c.o   -c /usr/local/lib/python2.7/dist-packages/cmake/data/share/cmake-3.12/Modules/CheckFunctionExists.c
Linking C executable cmTC_d4aa8
/usr/local/lib/python2.7/dist-packages/cmake/data/bin/cmake -E cmake_link_script CMakeFiles/cmTC_d4aa8.dir/link.txt --verbose=1
/usr/bin/cc -fPIC -DCHECK_FUNCTION_EXISTS=pthread_create    CMakeFiles/cmTC_d4aa8.dir/CheckFunctionExists.c.o  -o cmTC_d4aa8 -lpthreads 
/usr/bin/ld: cannot find -lpthreads
collect2: error: ld returned 1 exit status
CMakeFiles/cmTC_d4aa8.dir/build.make:86: recipe for target 'cmTC_d4aa8' failed
make[1]: *** [cmTC_d4aa8] Error 1
make[1]: Leaving directory '/content/drive/MyDrive/ICIS_Paper/darknet/build_release/CMakeFiles/CMakeTmp'
Makefile:121: recipe for target 'cmTC_d4aa8/fast' failed
make: *** [cmTC_d4aa8/fast] Error 2


